<?xml version="1.0" encoding="UTF-8"?>
<testsuite name="com.example.app.mapper.LendMapperTests" tests="1" skipped="0" failures="0" errors="0" timestamp="2023-10-22T06:24:26" hostname="DESKTOP-08LPC1U" time="0.299">
  <properties/>
  <testcase name="updateTest()" classname="com.example.app.mapper.LendMapperTests" time="0.299"/>
  <system-out><![CDATA[15:24:17.271 [Test worker] DEBUG org.springframework.test.context.BootstrapUtils - Instantiating CacheAwareContextLoaderDelegate from class [org.springframework.test.context.cache.DefaultCacheAwareContextLoaderDelegate]
15:24:17.295 [Test worker] DEBUG org.springframework.test.context.BootstrapUtils - Instantiating BootstrapContext using constructor [public org.springframework.test.context.support.DefaultBootstrapContext(java.lang.Class,org.springframework.test.context.CacheAwareContextLoaderDelegate)]
15:24:17.387 [Test worker] DEBUG org.springframework.test.context.BootstrapUtils - Instantiating TestContextBootstrapper for test class [com.example.app.mapper.LendMapperTests] from class [org.springframework.boot.test.context.SpringBootTestContextBootstrapper]
15:24:17.397 [Test worker] INFO org.springframework.boot.test.context.SpringBootTestContextBootstrapper - Neither @ContextConfiguration nor @ContextHierarchy found for test class [com.example.app.mapper.LendMapperTests], using SpringBootContextLoader
15:24:17.401 [Test worker] DEBUG org.springframework.test.context.support.AbstractContextLoader - Did not detect default resource location for test class [com.example.app.mapper.LendMapperTests]: class path resource [com/example/app/mapper/LendMapperTests-context.xml] does not exist
15:24:17.401 [Test worker] DEBUG org.springframework.test.context.support.AbstractContextLoader - Did not detect default resource location for test class [com.example.app.mapper.LendMapperTests]: class path resource [com/example/app/mapper/LendMapperTestsContext.groovy] does not exist
15:24:17.401 [Test worker] INFO org.springframework.test.context.support.AbstractContextLoader - Could not detect default resource locations for test class [com.example.app.mapper.LendMapperTests]: no resource found for suffixes {-context.xml, Context.groovy}.
15:24:17.402 [Test worker] INFO org.springframework.test.context.support.AnnotationConfigContextLoaderUtils - Could not detect default configuration classes for test class [com.example.app.mapper.LendMapperTests]: LendMapperTests does not declare any static, non-private, non-final, nested classes annotated with @Configuration.
15:24:17.449 [Test worker] DEBUG org.springframework.test.context.support.ActiveProfilesUtils - Could not find an 'annotation declaring class' for annotation type [org.springframework.test.context.ActiveProfiles] and class [com.example.app.mapper.LendMapperTests]
15:24:17.541 [Test worker] DEBUG org.springframework.context.annotation.ClassPathScanningCandidateComponentProvider - Identified candidate component class: file [C:\Users\PC\Desktop\Library\Library_Project\build\classes\java\main\com\example\app\AppApplication.class]
15:24:17.547 [Test worker] INFO org.springframework.boot.test.context.SpringBootTestContextBootstrapper - Found @SpringBootConfiguration com.example.app.AppApplication for test class com.example.app.mapper.LendMapperTests
15:24:17.671 [Test worker] DEBUG org.springframework.boot.test.context.SpringBootTestContextBootstrapper - @TestExecutionListeners is not present for class [com.example.app.mapper.LendMapperTests]: using defaults.
15:24:17.672 [Test worker] INFO org.springframework.boot.test.context.SpringBootTestContextBootstrapper - Loaded default TestExecutionListener class names from location [META-INF/spring.factories]: [org.springframework.security.test.context.support.WithSecurityContextTestExecutionListener, org.springframework.security.test.context.support.ReactorContextTestExecutionListener, org.springframework.boot.test.autoconfigure.restdocs.RestDocsTestExecutionListener, org.springframework.boot.test.autoconfigure.web.client.MockRestServiceServerResetTestExecutionListener, org.springframework.boot.test.autoconfigure.web.servlet.MockMvcPrintOnlyOnFailureTestExecutionListener, org.springframework.boot.test.autoconfigure.web.servlet.WebDriverTestExecutionListener, org.springframework.boot.test.autoconfigure.webservices.client.MockWebServiceServerTestExecutionListener, org.springframework.boot.test.mock.mockito.MockitoTestExecutionListener, org.springframework.boot.test.mock.mockito.ResetMocksTestExecutionListener, org.springframework.test.context.web.ServletTestExecutionListener, org.springframework.test.context.support.DirtiesContextBeforeModesTestExecutionListener, org.springframework.test.context.event.ApplicationEventsTestExecutionListener, org.springframework.test.context.support.DependencyInjectionTestExecutionListener, org.springframework.test.context.support.DirtiesContextTestExecutionListener, org.springframework.test.context.transaction.TransactionalTestExecutionListener, org.springframework.test.context.jdbc.SqlScriptsTestExecutionListener, org.springframework.test.context.event.EventPublishingTestExecutionListener]
15:24:17.692 [Test worker] INFO org.springframework.boot.test.context.SpringBootTestContextBootstrapper - Using TestExecutionListeners: [org.springframework.test.context.web.ServletTestExecutionListener@79c4715d, org.springframework.test.context.support.DirtiesContextBeforeModesTestExecutionListener@5aa360ea, org.springframework.test.context.event.ApplicationEventsTestExecutionListener@6548bb7d, org.springframework.boot.test.mock.mockito.MockitoTestExecutionListener@e27ba81, org.springframework.boot.test.autoconfigure.SpringBootDependencyInjectionTestExecutionListener@54336c81, org.springframework.test.context.support.DirtiesContextTestExecutionListener@1556f2dd, org.springframework.test.context.transaction.TransactionalTestExecutionListener@35e52059, org.springframework.test.context.jdbc.SqlScriptsTestExecutionListener@62577d6, org.springframework.security.test.context.support.WithSecurityContextTestExecutionListener@49bd54f7, org.springframework.test.context.event.EventPublishingTestExecutionListener@6b5f8707, org.springframework.security.test.context.support.ReactorContextTestExecutionListener@772485dd, org.springframework.boot.test.autoconfigure.restdocs.RestDocsTestExecutionListener@5a12c728, org.springframework.boot.test.autoconfigure.web.client.MockRestServiceServerResetTestExecutionListener@79ab3a71, org.springframework.boot.test.autoconfigure.web.servlet.MockMvcPrintOnlyOnFailureTestExecutionListener@6e5bfdfc, org.springframework.boot.test.autoconfigure.web.servlet.WebDriverTestExecutionListener@3d829787, org.springframework.boot.test.autoconfigure.webservices.client.MockWebServiceServerTestExecutionListener@71652c98, org.springframework.boot.test.mock.mockito.ResetMocksTestExecutionListener@51bde877]
15:24:17.695 [Test worker] DEBUG org.springframework.test.context.support.AbstractDirtiesContextTestExecutionListener - Before test class: context [DefaultTestContext@6d2260db testClass = LendMapperTests, testInstance = [null], testMethod = [null], testException = [null], mergedContextConfiguration = [WebMergedContextConfiguration@1f2d2181 testClass = LendMapperTests, locations = '{}', classes = '{class com.example.app.AppApplication}', contextInitializerClasses = '[]', activeProfiles = '{}', propertySourceLocations = '{}', propertySourceProperties = '{org.springframework.boot.test.context.SpringBootTestContextBootstrapper=true}', contextCustomizers = set[org.springframework.boot.test.autoconfigure.actuate.metrics.MetricsExportContextCustomizerFactory$DisableMetricExportContextCustomizer@66ce957f, org.springframework.boot.test.autoconfigure.properties.PropertyMappingContextCustomizer@0, org.springframework.boot.test.autoconfigure.web.servlet.WebDriverContextCustomizerFactory$Customizer@7be58f16, org.springframework.boot.test.context.filter.ExcludeFilterContextCustomizer@11eadcba, org.springframework.boot.test.json.DuplicateJsonObjectContextCustomizerFactory$DuplicateJsonObjectContextCustomizer@4bff1903, org.springframework.boot.test.mock.mockito.MockitoContextCustomizer@0, org.springframework.boot.test.web.client.TestRestTemplateContextCustomizer@150ab4ed, org.springframework.boot.test.context.SpringBootTestArgs@1, org.springframework.boot.test.context.SpringBootTestWebEnvironment@20d7d6fb], resourceBasePath = 'src/main/webapp', contextLoader = 'org.springframework.boot.test.context.SpringBootContextLoader', parent = [null]], attributes = map['org.springframework.test.context.web.ServletTestExecutionListener.activateListener' -> true]], class annotated with @DirtiesContext [false] with mode [null].

  .   ____          _            __ _ _
 /\\ / ___'_ __ _ _(_)_ __  __ _ \ \ \ \
( ( )\___ | '_ | '_| | '_ \/ _` | \ \ \ \
 \\/  ___)| |_)| | | | | || (_| |  ) ) ) )
  '  |____| .__|_| |_|_| |_\__, | / / / /
 =========|_|==============|___/=/_/_/_/
 :: Spring Boot ::                (v2.7.5)

2023-10-22 15:24:18.064  INFO 34016 --- [    Test worker] com.example.app.mapper.LendMapperTests   : Starting LendMapperTests using Java 11.0.2 on DESKTOP-08LPC1U with PID 34016 (started by PC in C:\Users\PC\Desktop\Library\Library_Project)
2023-10-22 15:24:18.070  INFO 34016 --- [    Test worker] com.example.app.mapper.LendMapperTests   : No active profile set, falling back to 1 default profile: "default"
2023-10-22 15:24:19.533  INFO 34016 --- [    Test worker] .s.d.r.c.RepositoryConfigurationDelegate : Bootstrapping Spring Data JPA repositories in DEFAULT mode.
2023-10-22 15:24:19.601  INFO 34016 --- [    Test worker] .s.d.r.c.RepositoryConfigurationDelegate : Finished Spring Data repository scanning in 59 ms. Found 2 JPA repository interfaces.
2023-10-22 15:24:20.084  INFO 34016 --- [    Test worker] trationDelegate$BeanPostProcessorChecker : Bean 'org.springframework.ws.config.annotation.DelegatingWsConfiguration' of type [org.springframework.ws.config.annotation.DelegatingWsConfiguration$$EnhancerBySpringCGLIB$$3024ba85] is not eligible for getting processed by all BeanPostProcessors (for example: not eligible for auto-proxying)
2023-10-22 15:24:20.148  INFO 34016 --- [    Test worker] .w.s.a.s.AnnotationActionEndpointMapping : Supporting [WS-Addressing August 2004, WS-Addressing 1.0]
2023-10-22 15:24:20.417  INFO 34016 --- [    Test worker] com.zaxxer.hikari.HikariDataSource       : HikariPool-1 - Starting...
2023-10-22 15:24:20.899  INFO 34016 --- [    Test worker] com.zaxxer.hikari.HikariDataSource       : HikariPool-1 - Start completed.
2023-10-22 15:24:21.282  INFO 34016 --- [    Test worker] o.hibernate.jpa.internal.util.LogHelper  : HHH000204: Processing PersistenceUnitInfo [name: default]
2023-10-22 15:24:21.422  INFO 34016 --- [    Test worker] org.hibernate.Version                    : HHH000412: Hibernate ORM core version 5.6.12.Final
2023-10-22 15:24:21.797  INFO 34016 --- [    Test worker] o.hibernate.annotations.common.Version   : HCANN000001: Hibernate Commons Annotations {5.1.2.Final}
2023-10-22 15:24:21.938  INFO 34016 --- [    Test worker] org.hibernate.dialect.Dialect            : HHH000400: Using dialect: org.hibernate.dialect.MySQL8Dialect
2023-10-22 15:24:22.432  INFO 34016 --- [    Test worker] o.h.e.t.j.p.i.JtaPlatformInitiator       : HHH000490: Using JtaPlatform implementation: [org.hibernate.engine.transaction.jta.platform.internal.NoJtaPlatform]
2023-10-22 15:24:22.441  INFO 34016 --- [    Test worker] j.LocalContainerEntityManagerFactoryBean : Initialized JPA EntityManagerFactory for persistence unit 'default'
2023-10-22 15:24:22.743  WARN 34016 --- [    Test worker] JpaBaseConfiguration$JpaWebConfiguration : spring.jpa.open-in-view is enabled by default. Therefore, database queries may be performed during view rendering. Explicitly configure spring.jpa.open-in-view to disable this warning
2023-10-22 15:24:24.192  INFO 34016 --- [    Test worker] o.s.s.web.DefaultSecurityFilterChain     : Will secure any request with [org.springframework.security.web.session.DisableEncodeUrlFilter@2ee5fe1e, org.springframework.security.web.context.request.async.WebAsyncManagerIntegrationFilter@2b30b25f, org.springframework.security.web.context.SecurityContextPersistenceFilter@24ae2183, org.springframework.security.web.header.HeaderWriterFilter@663cc8c9, org.springframework.security.web.authentication.logout.LogoutFilter@55a2ca5e, org.springframework.security.web.authentication.UsernamePasswordAuthenticationFilter@507187c1, org.springframework.security.web.savedrequest.RequestCacheAwareFilter@280f061e, org.springframework.security.web.servletapi.SecurityContextHolderAwareRequestFilter@23a78d2e, org.springframework.security.web.authentication.AnonymousAuthenticationFilter@58dea0a7, org.springframework.security.web.session.SessionManagementFilter@5b977aaa, org.springframework.security.web.access.ExceptionTranslationFilter@4b6fc231, org.springframework.security.web.access.intercept.FilterSecurityInterceptor@73eaae1e]
2023-10-22 15:24:26.657  WARN 34016 --- [    Test worker] org.thymeleaf.templatemode.TemplateMode  : [THYMELEAF][Test worker] Template Mode 'html5' is deprecated. Using Template Mode 'HTML' instead.
2023-10-22 15:24:26.825  INFO 34016 --- [    Test worker] com.example.app.mapper.LendMapperTests   : Started LendMapperTests in 9.1 seconds (JVM running for 10.75)
]]></system-out>
  <system-err><![CDATA[Loading class `com.mysql.jdbc.Driver'. This is deprecated. The new driver class is `com.mysql.cj.jdbc.Driver'. The driver is automatically registered via the SPI and manual loading of the driver class is generally unnecessary.
]]></system-err>
</testsuite>
